<?xml version="1.0" encoding="UTF-8"?>
<!-- Generated by org.testng.reporters.JUnitReportReporter -->
<testsuite hostname="KIN-06" failures="0" tests="4" name="LoginTest" time="53.944" errors="0" timestamp="2025-01-05T20:01:21 PKT" skipped="0">
  <testcase classname="LoginTest" name="testLogin" time="8.305"/>
  <testcase classname="LoginTest" name="testLogOut" time="20.763"/>
  <testcase classname="LoginTest" name="validationErrorMessage" time="9.119"/>
  <testcase classname="LoginTest" name="enterUsernameWithEmptyPasswordErrorMessage" time="15.757"/>
</testsuite> <!-- LoginTest -->
